
> vite_react_shadcn_ts@0.0.0 build
> vite build

[36mvite v5.4.19 [32mbuilding for production...[36m[39m
transforming...
node.exe : Browserslist: 
browsers data 
(caniuse-lite) is 10 
months old. Please run:
At line:1 char:1
+ & "C:\Program 
Files\nodejs/node.exe" 
"C:\Program 
Files\nodejs/node_mo ...
+ ~~~~~~~~~~~~~~~~~~~~~~~~
~~~~~~~~~~~~~~~~~~~~~~~~~~
~~~~~~~~~~~~~~~~~~~
    + CategoryInfo        
      : NotSpecified: (B  
  rowserslist: b...ld.    
 Please run::String) [    
], RemoteException
    + FullyQualifiedError 
   Id : NativeCommandErr  
  or
 
  npx update-browserslist-
db@latest
  Why you should do it 
regularly: https://github.
com/browserslist/update-db
#readme
[33m[vite:css] @import 
must precede all other 
statements (besides 
@charset or empty @layer)
3  |  @tailwind utilities;
4  |  
5  |  @import url('https:/
/fonts.googleapis.com/css2
?family=JetBrains+Mono:wgh
t@400;500;600;700&family=I
nter:wght@400;500;600;700&
display=swap');
   |  ^^^^^^^^^^^^^^^^^^^^
^^^^^^^^^^^^^^^^^^^^^^^^^^
^^^^^^^^^^^^^^^^^^^^^^^^^^
^^^^^^^^^^^^^^^^^^^^^^^^^^
^^^^^^^^^^^^^^^^^^^^^^^^^^
^^^^^^^^^^^^^^^
6  |  
7  |  @layer base {[39m
[32mΓ£ô[39m 7 modules transformed.
[31mx[39m Build failed 
in 1.39s
[31merror during build:
[31m[vite:esbuild] 
Transform failed with 1 
error:
C:/Users/Gaura/Downloads/c
ode-companion-main/code-co
mpanion-main/src/pages/Ind
ex.tsx:501:0: ERROR: 
Unexpected "}"[31m
file: [36mC:/Users/Gaura/
Downloads/code-companion-m
ain/code-companion-main/sr
c/pages/Index.tsx:501:0[3
1m
[33m
[33mUnexpected "}"[33m
499|      </div>
500|    );
501|  };
   |  ^
502|  
503|  export default 
Index;
[31m
    at 
failureErrorWithLog (C:\Us
ers\Gaura\Downloads\code-c
ompanion-main\code-compani
on-main\node_modules\esbui
ld\lib\main.js:1472:15)
    at C:\Users\Gaura\Down
loads\code-companion-main\
code-companion-main\node_m
odules\esbuild\lib\main.js
:755:50
    at responseCallbacks.<
computed> (C:\Users\Gaura\
Downloads\code-companion-m
ain\code-companion-main\no
de_modules\esbuild\lib\mai
n.js:622:9)
    at 
handleIncomingPacket (C:\U
sers\Gaura\Downloads\code-
companion-main\code-compan
ion-main\node_modules\esbu
ild\lib\main.js:677:12)
    at 
Socket.readFromStdout (C:\
Users\Gaura\Downloads\code
-companion-main\code-compa
nion-main\node_modules\esb
uild\lib\main.js:600:7)
    at Socket.emit 
(node:events:508:28)
    at addChunk (node:inte
rnal/streams/readable:559:
12)
    at readableAddChunkPus
hByteMode (node:internal/s
treams/readable:510:3)
    at Readable.push (node
:internal/streams/readable
:390:5)
    at Pipe.onStreamRead (
node:internal/stream_base_
commons:189:23)[39m
